::1 - GET / HTTP/1.1 304 - - 792.724 ms
::1 - GET /css/main.css HTTP/1.1 304 - - 1.821 ms
::1 - GET /css/product.css HTTP/1.1 304 - - 1.449 ms
::1 - GET /js/main.js HTTP/1.1 304 - - 0.804 ms
::1 - GET /images/2021-07-05T16-41-10.031Z-19844%20-%202.jpg HTTP/1.1 304 - - 1.159 ms
::1 - GET /products HTTP/1.1 200 - - 744.553 ms
::1 - GET /css/main.css HTTP/1.1 304 - - 0.719 ms
::1 - GET /css/product.css HTTP/1.1 304 - - 0.906 ms
::1 - GET /js/main.js HTTP/1.1 304 - - 0.365 ms
::1 - GET /images/2021-07-05T16-41-10.031Z-19844%20-%202.jpg HTTP/1.1 304 - - 0.617 ms
::1 - GET /login HTTP/1.1 200 - - 252.770 ms
::1 - GET /css/main.css HTTP/1.1 304 - - 2.553 ms
::1 - GET /css/forms.css HTTP/1.1 200 454 - 7.100 ms
::1 - GET /css/auth.css HTTP/1.1 200 84 - 7.400 ms
::1 - GET /js/main.js HTTP/1.1 304 - - 0.350 ms
::1 - POST /login HTTP/1.1 302 46 - 2431.153 ms
::1 - GET / HTTP/1.1 200 - - 985.653 ms
::1 - GET /css/main.css HTTP/1.1 304 - - 0.866 ms
::1 - GET /css/product.css HTTP/1.1 304 - - 0.739 ms
::1 - GET /js/main.js HTTP/1.1 304 - - 0.351 ms
::1 - GET /images/2021-07-05T16-41-10.031Z-19844%20-%202.jpg HTTP/1.1 304 - - 0.580 ms
